<?xml version="1.0" encoding="UTF-8"?>
<testng-results ignored="0" total="1" passed="1" failed="0" skipped="0">
  <reporter-output>
  </reporter-output>
  <suite started-at="2023-06-08T13:03:47 CEST" name="Default suite" finished-at="2023-06-08T13:03:59 CEST" duration-ms="12648">
    <groups>
    </groups>
    <test started-at="2023-06-08T13:03:47 CEST" name="Default test" finished-at="2023-06-08T13:03:59 CEST" duration-ms="12648">
      <class name="com.seleniumtests.SeleniumTests.TC_DatePicker">
        <test-method is-config="true" signature="preCondition()[pri:0, instance:com.seleniumtests.SeleniumTests.TC_DatePicker@1e6a3214]" started-at="2023-06-08T13:03:47 CEST" name="preCondition" finished-at="2023-06-08T13:03:54 CEST" duration-ms="7224" status="PASS">
          <reporter-output>
          </reporter-output>
        </test-method> <!-- preCondition -->
        <test-method signature="testDatePicker()[pri:0, instance:com.seleniumtests.SeleniumTests.TC_DatePicker@1e6a3214]" started-at="2023-06-08T13:03:54 CEST" name="testDatePicker" finished-at="2023-06-08T13:03:59 CEST" duration-ms="4988" status="PASS">
          <reporter-output>
          </reporter-output>
        </test-method> <!-- testDatePicker -->
        <test-method is-config="true" signature="postCondition()[pri:0, instance:com.seleniumtests.SeleniumTests.TC_DatePicker@1e6a3214]" started-at="2023-06-08T13:03:59 CEST" name="postCondition" finished-at="2023-06-08T13:03:59 CEST" duration-ms="263" status="PASS">
          <reporter-output>
          </reporter-output>
        </test-method> <!-- postCondition -->
      </class> <!-- com.seleniumtests.SeleniumTests.TC_DatePicker -->
    </test> <!-- Default test -->
  </suite> <!-- Default suite -->
</testng-results>
