<?xml version="1.0" encoding="UTF-8"?>
<testng-results ignored="0" total="1" passed="1" failed="0" skipped="0">
  <reporter-output>
  </reporter-output>
  <suite started-at="2025-11-30T14:01:04 CET" name="Default suite" finished-at="2025-11-30T14:01:18 CET" duration-ms="13349">
    <groups>
    </groups>
    <test started-at="2025-11-30T14:01:04 CET" name="Default test" finished-at="2025-11-30T14:01:18 CET" duration-ms="13349">
      <class name="com.seleniumtests.JavaStreamsUITests.CountOfActiveLinksTest">
        <test-method is-config="true" signature="preCondition()[pri:0, instance:com.seleniumtests.JavaStreamsUITests.CountOfActiveLinksTest@55183b20]" started-at="2025-11-30T14:01:04 CET" name="preCondition" finished-at="2025-11-30T14:01:06 CET" duration-ms="2237" status="PASS">
          <reporter-output>
          </reporter-output>
        </test-method> <!-- preCondition -->
        <test-method signature="test()[pri:0, instance:com.seleniumtests.JavaStreamsUITests.CountOfActiveLinksTest@55183b20]" started-at="2025-11-30T14:01:06 CET" name="test" finished-at="2025-11-30T14:01:18 CET" duration-ms="11049" status="PASS">
          <reporter-output>
          </reporter-output>
        </test-method> <!-- test -->
      </class> <!-- com.seleniumtests.JavaStreamsUITests.CountOfActiveLinksTest -->
    </test> <!-- Default test -->
  </suite> <!-- Default suite -->
</testng-results>
