<?xml version="1.0" encoding="UTF-8"?>
<!-- Generated by org.testng.reporters.JUnitReportReporter -->
<testsuite hostname="DESKTOP-M8LBSK5" failures="0" tests="1" name="com.seleniumtests.JavaStreamsUITests.CountOfActiveLinksTest" time="11.049" errors="0" timestamp="2025-11-30T14:01:18 CET" skipped="0">
  <testcase classname="com.seleniumtests.JavaStreamsUITests.CountOfActiveLinksTest" name="test" time="11.049"/>
  <system-out/>
</testsuite> <!-- com.seleniumtests.JavaStreamsUITests.CountOfActiveLinksTest -->
